<?xml version="1.0" encoding="UTF-8"?>
<!-- Generated by org.testng.reporters.JUnitReportReporter -->
<testsuite skipped="0" hostname="DESKTOP-FJN63NP" name="testes.LoginTest" tests="5" failures="0" timestamp="2023-05-31T15:38:18 IST" time="9.043" errors="0">
  <testcase name="login" time="1.514" classname="testes.LoginTest"/>
  <system-out/>
  <testcase name="newLogin" time="5.419" classname="testes.LoginTest"/>
  <system-out/>
  <testcase name="loginAgain" time="0.724" classname="testes.LoginTest"/>
  <system-out/>
  <testcase name="dashBoard" time="0.226" classname="testes.LoginTest"/>
  <system-out/>
  <testcase name="userPage" time="1.160" classname="testes.LoginTest"/>
  <system-out/>
</testsuite> <!-- testes.LoginTest -->
